<?xml version="1.0" encoding="UTF-8"?>
<testsuite xmlns:xsi="http://www.w3.org/2001/XMLSchema-instance" xsi:noNamespaceSchemaLocation="https://maven.apache.org/surefire/maven-surefire-plugin/xsd/surefire-test-report-3.0.xsd" version="3.0" name="com.grandstand.services.AppointmentTest" time="0.038" tests="15" errors="0" skipped="0" failures="0">
  <properties>
[...]
</properties>
  <testcase name="testAppointmentCreationLongId" classname="com.grandstand.services.AppointmentTest" time="0.001"/>
  <testcase name="testAppointmentCreationNullId" classname="com.grandstand.services.AppointmentTest" time="0.002"/>
  <testcase name="testAppointmentCreationPastDate" classname="com.grandstand.services.AppointmentTest" time="0.001"/>
  <testcase name="testAppointmentCreationSuccess" classname="com.grandstand.services.AppointmentTest" time="0.003"/>
  <testcase name="testSetDescriptionSuccess" classname="com.grandstand.services.AppointmentTest" time="0.001"/>
  <testcase name="testAppointmentCreationNullDate" classname="com.grandstand.services.AppointmentTest" time="0.001"/>
  <testcase name="testSetDescriptionLong" classname="com.grandstand.services.AppointmentTest" time="0.001"/>
  <testcase name="testSetDescriptionNull" classname="com.grandstand.services.AppointmentTest" time="0.001"/>
  <testcase name="testEqualsMethod" classname="com.grandstand.services.AppointmentTest" time="0.003"/>
  <testcase name="testHashCodeMethod" classname="com.grandstand.services.AppointmentTest" time="0.001"/>
  <testcase name="testAppointmentCreationLongDescription" classname="com.grandstand.services.AppointmentTest" time="0.001"/>
  <testcase name="testSetAppointmentDateNull" classname="com.grandstand.services.AppointmentTest" time="0.001"/>
  <testcase name="testSetAppointmentDatePast" classname="com.grandstand.services.AppointmentTest" time="0.001"/>
  <testcase name="testAppointmentCreationNullDescription" classname="com.grandstand.services.AppointmentTest" time="0.002"/>
  <testcase name="testSetAppointmentDateSuccess" classname="com.grandstand.services.AppointmentTest" time="0"/>
</testsuite>