GROUP,PACKAGE,CLASS,INSTRUCTION_MISSED,INSTRUCTION_COVERED,BRANCH_MISSED,BRANCH_COVERED,LINE_MISSED,LINE_COVERED,COMPLEXITY_MISSED,COMPLEXITY_COVERED,METHOD_MISSED,METHOD_COVERED
MobileAppServices,com.grandstand.services,TaskService,0,101,1,11,0,30,1,13,0,8
MobileAppServices,com.grandstand.services,Task,0,71,0,18,0,18,0,15,0,6
MobileAppServices,com.grandstand.services,Appointment,2,150,4,20,0,33,4,19,0,11
MobileAppServices,com.grandstand.services,ContactService,10,113,5,15,2,32,5,13,0,8
MobileAppServices,com.grandstand.services,AppointmentService,5,83,2,14,1,22,2,11,0,5
MobileAppServices,com.grandstand.services,Contact,2,235,2,40,0,53,2,36,0,17
